<?xml version="1.0" encoding="UTF-8"?>
<!-- Generated by org.testng.reporters.JUnitReportReporter -->
<testsuite hostname="DESKTOP-EVB50VK" name="com.demoapp.seleniumtest.NewTest" tests="1" failures="0" timestamp="30 Dec 2017 22:41:01 GMT" time="0.010" errors="0">
  <testcase name="f" time="0.010" classname="com.demoapp.seleniumtest.NewTest"/>
</testsuite> <!-- com.demoapp.seleniumtest.NewTest -->
